Shuffling the deck
cut at 39
cut at 22
cut at 33
cut at 37
cut at 38
cut at 37
cut at 38
Hand 1 bankroll 100
Player bets 5
Player dealt Two of Spades
Dealer dealt Jack of Diamonds
Player dealt Ace of Diamonds
Player's total is 13
Dealer's hole card is Four of Diamonds
Dealer's total is 14
Dealer wins
Hand 2 bankroll 95
Player bets 5
Player dealt Jack of Diamonds
Dealer dealt Queen of Spades
Player dealt Jack of Diamonds
Player's total is 33
Player busts
Hand 3 bankroll 90
Player bets 5
34
Player dealt Ace of Diamonds
Dealer dealt Queen of Diamonds
Player dealt Four of Diamonds
Player's total is 28
Player busts
Hand 4 bankroll 85
Player bets 5
Player dealt Four of Diamonds
Dealer dealt Seven of Diamonds
Player dealt Queen of Spades
Player's total is 42
Player busts
Hand 5 bankroll 80
Player bets 5
Player dealt Ace of Clubs
Dealer dealt Nine of Diamonds
Player dealt Five of Diamonds
Player's total is 48
Player busts
Hand 6 bankroll 75
Player bets 5
Player dealt Queen of Spades
Dealer dealt Jack of Diamonds
Player dealt Queen of Diamonds
Player's total is 68
Player busts
Hand 7 bankroll 70
Player bets 5
Player dealt Jack of Diamonds
Dealer dealt King of Diamonds
Player dealt Six of Diamonds
Player's total is 84
Player busts
Hand 8 bankroll 65
Player bets 5
Player dealt Queen of Spades
Dealer dealt Ace of Diamonds
Player dealt Five of Clubs
Player's total is 99
Player busts
Hand 9 bankroll 60
Player bets 5
Player dealt Six of Spades
Dealer dealt Queen of Diamonds
Player dealt Six of Clubs
Player's total is 111
Player busts
Hand 10 bankroll 55
Shuffling the deck
cut at 23
cut at 23
cut at 22
cut at 39
cut at 33
cut at 19
cut at 25
Player bets 5
Player dealt Two of Spades
Dealer dealt Jack of Diamonds
Player dealt Four of Diamonds
Player's total is 117
Player busts
Hand 11 bankroll 50
Player bets 5
Player dealt Six of Spades
Dealer dealt Jack of Diamonds
Player dealt Jack of Diamonds
Player's total is 133
Player busts
Hand 12 bankroll 45
Player bets 5
Player dealt Seven of Diamonds
Dealer dealt Queen of Diamonds
Player dealt Queen of Diamonds
Player's total is 150
Player busts
Hand 13 bankroll 40
Player bets 5
Player dealt Jack of Diamonds
Dealer dealt Ten of Diamonds
Player dealt Six of Diamonds
Player's total is 166
Player busts
Hand 14 bankroll 35
Player bets 5
Player dealt Queen of Spades
Dealer dealt King of Diamonds
Player dealt Six of Diamonds
Player's total is 182
Player busts
Hand 15 bankroll 30
Player bets 5
Player dealt Jack of Diamonds
Dealer dealt Ace of Diamonds
Player dealt Four of Diamonds
Player's total is 196
Player busts
Hand 16 bankroll 25
Player bets 5
Player dealt Queen of Spades
Dealer dealt Ace of Diamonds
Player dealt Eight of Diamonds
Player's total is 214
Player busts
Hand 17 bankroll 20
Player bets 5
Player dealt Ace of Diamonds
Dealer dealt Seven of Diamonds
Player dealt Eight of Diamonds
Player's total is 223
Player busts
Hand 18 bankroll 15
Player bets 5
Player dealt Six of Clubs
Dealer dealt Queen of Diamonds
Player dealt Nine of Diamonds
Player's total is 238
Player busts
Hand 19 bankroll 10
Shuffling the deck
cut at 23
cut at 24
cut at 31
cut at 22
cut at 27
cut at 34
cut at 30
Player bets 5
Player dealt Two of Spades
Dealer dealt Ace of Clubs
Player dealt Queen of Spades
Player's total is 250
Player busts
Hand 20 bankroll 5
Player bets 5
Player dealt Nine of Diamonds
Dealer dealt Queen of Diamonds
Player dealt Queen of Spades
Player's total is 269
Player busts
Player has 0 after 20 hands
